# JRE version: OpenJDK Runtime Environment (17.0.6) (build 17.0.6+0-17.0.6b802.4-9586694)
# Java VM: OpenJDK 64-Bit Server VM (17.0.6+0-17.0.6b802.4-9586694, mixed mode, tiered, compressed oops, compressed class ptrs, g1 gc, linux-amd64)
GC Precious Log:
 CPUs: 2 total, 2 available
 Memory: 3921M
 Large Page Support: Disabled
 NUMA Support: Disabled
 Compressed Oops: Enabled (32-bit)
 Heap Region Size: 1M
 Heap Min Capacity: 8M
 Heap Initial Capacity: 62M
 Heap Max Capacity: 2G
 Pre-touch: Disabled
 Parallel Workers: 2
 Concurrent Workers: 1
 Concurrent Refinement Workers: 2
 Periodic GC: Disabled
Heap:
 garbage-first heap   total 482304K, used 235482K [0x0000000080000000, 0x0000000100000000)
  region size 1024K, 2 young (2048K), 2 survivors (2048K)
 Metaspace       used 130542K, committed 131584K, reserved 1171456K
  class space    used 17114K, committed 17664K, reserved 1048576K
GC Heap History (20 events):
Event: 3059.003 GC heap after
{Heap after GC invocations=46 (full 0):
 garbage-first heap   total 414720K, used 193982K [0x0000000080000000, 0x0000000100000000)
  region size 1024K, 12 young (12288K), 12 survivors (12288K)
 Metaspace       used 121102K, committed 122048K, reserved 1155072K
  class space    used 16065K, committed 16512K, reserved 1048576K
}
Event: 3990.224 GC heap before
{Heap before GC invocations=46 (full 0):
 garbage-first heap   total 414720K, used 348606K [0x0000000080000000, 0x0000000100000000)
  region size 1024K, 164 young (167936K), 12 survivors (12288K)
 Metaspace       used 125501K, committed 126592K, reserved 1163264K
  class space    used 16558K, committed 17088K, reserved 1048576K
}
Event: 3992.791 GC heap after
{Heap after GC invocations=47 (full 0):
 garbage-first heap   total 414720K, used 204288K [0x0000000080000000, 0x0000000100000000)
  region size 1024K, 14 young (14336K), 14 survivors (14336K)
 Metaspace       used 125501K, committed 126592K, reserved 1163264K
  class space    used 16558K, committed 17088K, reserved 1048576K
}
Event: 3993.188 GC heap before
{Heap before GC invocations=47 (full 0):
 garbage-first heap   total 414720K, used 210432K [0x0000000080000000, 0x0000000100000000)
  region size 1024K, 20 young (20480K), 14 survivors (14336K)
 Metaspace       used 125515K, committed 126592K, reserved 1163264K
  class space    used 16559K, committed 17088K, reserved 1048576K
}
Event: 3995.100 GC heap after
{Heap after GC invocations=48 (full 0):
 garbage-first heap   total 414720K, used 205312K [0x0000000080000000, 0x0000000100000000)
  region size 1024K, 2 young (2048K), 2 survivors (2048K)
 Metaspace       used 125515K, committed 126592K, reserved 1163264K
  class space    used 16559K, committed 17088K, reserved 1048576K
}
Event: 3997.176 GC heap before
{Heap before GC invocations=48 (full 0):
 garbage-first heap   total 414720K, used 222720K [0x0000000080000000, 0x0000000100000000)
  region size 1024K, 20 young (20480K), 2 survivors (2048K)
 Metaspace       used 126628K, committed 127680K, reserved 1163264K
  class space    used 16695K, committed 17216K, reserved 1048576K
}
Event: 3997.278 GC heap after
{Heap after GC invocations=49 (full 0):
 garbage-first heap   total 414720K, used 207872K [0x0000000080000000, 0x0000000100000000)
  region size 1024K, 3 young (3072K), 3 survivors (3072K)
 Metaspace       used 126628K, committed 127680K, reserved 1163264K
  class space    used 16695K, committed 17216K, reserved 1048576K
}
Event: 3999.388 GC heap before
{Heap before GC invocations=49 (full 0):
 garbage-first heap   total 414720K, used 225280K [0x0000000080000000, 0x0000000100000000)
  region size 1024K, 20 young (20480K), 3 survivors (3072K)
 Metaspace       used 127422K, committed 128512K, reserved 1163264K
  class space    used 16833K, committed 17344K, reserved 1048576K
}
Event: 3999.588 GC heap after
{Heap after GC invocations=50 (full 0):
 garbage-first heap   total 414720K, used 209571K [0x0000000080000000, 0x0000000100000000)
  region size 1024K, 2 young (2048K), 2 survivors (2048K)
 Metaspace       used 127422K, committed 128512K, reserved 1163264K
  class space    used 16833K, committed 17344K, reserved 1048576K
}
Event: 4001.193 GC heap before
{Heap before GC invocations=50 (full 0):
 garbage-first heap   total 414720K, used 226979K [0x0000000080000000, 0x0000000100000000)
  region size 1024K, 20 young (20480K), 2 survivors (2048K)
 Metaspace       used 128030K, committed 129088K, reserved 1163264K
  class space    used 16899K, committed 17408K, reserved 1048576K
}
Event: 4001.522 GC heap after
{Heap after GC invocations=51 (full 0):
 garbage-first heap   total 482304K, used 210423K [0x0000000080000000, 0x0000000100000000)
  region size 1024K, 3 young (3072K), 3 survivors (3072K)
 Metaspace       used 128030K, committed 129088K, reserved 1163264K
  class space    used 16899K, committed 17408K, reserved 1048576K
}
Event: 4003.044 GC heap before
{Heap before GC invocations=51 (full 0):
 garbage-first heap   total 482304K, used 229879K [0x0000000080000000, 0x0000000100000000)
  region size 1024K, 23 young (23552K), 3 survivors (3072K)
 Metaspace       used 130038K, committed 131136K, reserved 1163264K
  class space    used 17121K, committed 17664K, reserved 1048576K
}
Event: 4003.457 GC heap after
{Heap after GC invocations=52 (full 0):
 garbage-first heap   total 482304K, used 214095K [0x0000000080000000, 0x0000000100000000)
  region size 1024K, 3 young (3072K), 3 survivors (3072K)
 Metaspace       used 130038K, committed 131136K, reserved 1163264K
  class space    used 17121K, committed 17664K, reserved 1048576K
}
Event: 4019.834 GC heap before
{Heap before GC invocations=53 (full 0):
 garbage-first heap   total 482304K, used 236623K [0x0000000080000000, 0x0000000100000000)
  region size 1024K, 23 young (23552K), 3 survivors (3072K)
 Metaspace       used 129859K, committed 131200K, reserved 1163264K
  class space    used 17058K, committed 17664K, reserved 1048576K
}
Event: 4021.290 GC heap after
{Heap after GC invocations=54 (full 0):
 garbage-first heap   total 482304K, used 225162K [0x0000000080000000, 0x0000000100000000)
  region size 1024K, 3 young (3072K), 3 survivors (3072K)
 Metaspace       used 129859K, committed 131200K, reserved 1163264K
  class space    used 17058K, committed 17664K, reserved 1048576K
}
Event: 4021.861 GC heap before
{Heap before GC invocations=54 (full 0):
 garbage-first heap   total 482304K, used 245642K [0x0000000080000000, 0x0000000100000000)
  region size 1024K, 23 young (23552K), 3 survivors (3072K)
 Metaspace       used 130029K, committed 131200K, reserved 1163264K
  class space    used 17076K, committed 17664K, reserved 1048576K
}
Event: 4022.011 GC heap after
{Heap after GC invocations=55 (full 0):
 garbage-first heap   total 482304K, used 230912K [0x0000000080000000, 0x0000000100000000)
  region size 1024K, 3 young (3072K), 3 survivors (3072K)
 Metaspace       used 130029K, committed 131200K, reserved 1163264K
  class space    used 17076K, committed 17664K, reserved 1048576K
}
Event: 4022.536 GC heap before
{Heap before GC invocations=55 (full 0):
 garbage-first heap   total 482304K, used 259584K [0x0000000080000000, 0x0000000100000000)
  region size 1024K, 23 young (23552K), 3 survivors (3072K)
 Metaspace       used 130306K, committed 131328K, reserved 1163264K
  class space    used 17093K, committed 17664K, reserved 1048576K
}
Event: 4022.576 GC heap after
{Heap after GC invocations=56 (full 0):
 garbage-first heap   total 482304K, used 234496K [0x0000000080000000, 0x0000000100000000)
  region size 1024K, 3 young (3072K), 3 survivors (3072K)
 Metaspace       used 130306K, committed 131328K, reserved 1163264K
  class space    used 17093K, committed 17664K, reserved 1048576K
}
Event: 4022.950 GC heap before
{Heap before GC invocations=56 (full 0):
 garbage-first heap   total 482304K, used 269312K [0x0000000080000000, 0x0000000100000000)
  region size 1024K, 23 young (23552K), 3 survivors (3072K)
 Metaspace       used 130542K, committed 131584K, reserved 1171456K
  class space    used 17114K, committed 17664K, reserved 1048576K
}

