# JRE version: OpenJDK Runtime Environment (17.0.6) (build 17.0.6+0-17.0.6b802.4-9586694)
# Java VM: OpenJDK 64-Bit Server VM (17.0.6+0-17.0.6b802.4-9586694, mixed mode, tiered, compressed oops, compressed class ptrs, g1 gc, linux-amd64)
GC Precious Log:
 CPUs: 2 total, 2 available
 Memory: 3921M
 Large Page Support: Disabled
 NUMA Support: Disabled
 Compressed Oops: Enabled (32-bit)
 Heap Region Size: 1M
 Heap Min Capacity: 8M
 Heap Initial Capacity: 62M
 Heap Max Capacity: 2G
 Pre-touch: Disabled
 Parallel Workers: 2
 Concurrent Workers: 1
 Concurrent Refinement Workers: 2
 Periodic GC: Disabled
Heap:
 garbage-first heap   total 503808K, used 151547K [0x0000000080000000, 0x0000000100000000)
  region size 1024K, 21 young (21504K), 21 survivors (21504K)
 Metaspace       used 138684K, committed 139456K, reserved 1171456K
  class space    used 18166K, committed 18560K, reserved 1048576K
GC Heap History (20 events):
Event: 105.557 GC heap after
{Heap after GC invocations=56 (full 0):
 garbage-first heap   total 437248K, used 111361K [0x0000000080000000, 0x0000000100000000)
  region size 1024K, 20 young (20480K), 20 survivors (20480K)
 Metaspace       used 120870K, committed 121600K, reserved 1155072K
  class space    used 15833K, committed 16192K, reserved 1048576K
}
Event: 109.303 GC heap before
{Heap before GC invocations=56 (full 0):
 garbage-first heap   total 437248K, used 354049K [0x0000000080000000, 0x0000000100000000)
  region size 1024K, 256 young (262144K), 20 survivors (20480K)
 Metaspace       used 125413K, committed 126208K, reserved 1163264K
  class space    used 16444K, committed 16832K, reserved 1048576K
}
Event: 109.326 GC heap after
{Heap after GC invocations=57 (full 0):
 garbage-first heap   total 437248K, used 114065K [0x0000000080000000, 0x0000000100000000)
  region size 1024K, 19 young (19456K), 19 survivors (19456K)
 Metaspace       used 125413K, committed 126208K, reserved 1163264K
  class space    used 16444K, committed 16832K, reserved 1048576K
}
Event: 112.574 GC heap before
{Heap before GC invocations=57 (full 0):
 garbage-first heap   total 437248K, used 356753K [0x0000000080000000, 0x0000000100000000)
  region size 1024K, 256 young (262144K), 19 survivors (19456K)
 Metaspace       used 136224K, committed 137024K, reserved 1171456K
  class space    used 17928K, committed 18304K, reserved 1048576K
}
Event: 112.625 GC heap after
{Heap after GC invocations=58 (full 0):
 garbage-first heap   total 437248K, used 131962K [0x0000000080000000, 0x0000000100000000)
  region size 1024K, 31 young (31744K), 31 survivors (31744K)
 Metaspace       used 136224K, committed 137024K, reserved 1171456K
  class space    used 17928K, committed 18304K, reserved 1048576K
}
Event: 113.737 GC heap before
{Heap before GC invocations=58 (full 0):
 garbage-first heap   total 437248K, used 356218K [0x0000000080000000, 0x0000000100000000)
  region size 1024K, 250 young (256000K), 31 survivors (31744K)
 Metaspace       used 137248K, committed 137984K, reserved 1171456K
  class space    used 18083K, committed 18432K, reserved 1048576K
}
Event: 113.784 GC heap after
{Heap after GC invocations=59 (full 0):
 garbage-first heap   total 437248K, used 138235K [0x0000000080000000, 0x0000000100000000)
  region size 1024K, 8 young (8192K), 8 survivors (8192K)
 Metaspace       used 137248K, committed 137984K, reserved 1171456K
  class space    used 18083K, committed 18432K, reserved 1048576K
}
Event: 114.535 GC heap before
{Heap before GC invocations=59 (full 0):
 garbage-first heap   total 437248K, used 357371K [0x0000000080000000, 0x0000000100000000)
  region size 1024K, 222 young (227328K), 8 survivors (8192K)
 Metaspace       used 137837K, committed 138624K, reserved 1171456K
  class space    used 18089K, committed 18496K, reserved 1048576K
}
Event: 114.576 GC heap after
{Heap after GC invocations=60 (full 0):
 garbage-first heap   total 437248K, used 138235K [0x0000000080000000, 0x0000000100000000)
  region size 1024K, 8 young (8192K), 8 survivors (8192K)
 Metaspace       used 137837K, committed 138624K, reserved 1171456K
  class space    used 18089K, committed 18496K, reserved 1048576K
}
Event: 115.156 GC heap before
{Heap before GC invocations=60 (full 0):
 garbage-first heap   total 437248K, used 363515K [0x0000000080000000, 0x0000000100000000)
  region size 1024K, 228 young (233472K), 8 survivors (8192K)
 Metaspace       used 137935K, committed 138752K, reserved 1171456K
  class space    used 18093K, committed 18496K, reserved 1048576K
}
Event: 115.187 GC heap after
{Heap after GC invocations=61 (full 0):
 garbage-first heap   total 503808K, used 137723K [0x0000000080000000, 0x0000000100000000)
  region size 1024K, 7 young (7168K), 7 survivors (7168K)
 Metaspace       used 137935K, committed 138752K, reserved 1171456K
  class space    used 18093K, committed 18496K, reserved 1048576K
}
Event: 116.775 GC heap before
{Heap before GC invocations=61 (full 0):
 garbage-first heap   total 503808K, used 426491K [0x0000000080000000, 0x0000000100000000)
  region size 1024K, 290 young (296960K), 7 survivors (7168K)
 Metaspace       used 137983K, committed 138752K, reserved 1171456K
  class space    used 18097K, committed 18496K, reserved 1048576K
}
Event: 116.798 GC heap after
{Heap after GC invocations=62 (full 0):
 garbage-first heap   total 503808K, used 137211K [0x0000000080000000, 0x0000000100000000)
  region size 1024K, 7 young (7168K), 7 survivors (7168K)
 Metaspace       used 137983K, committed 138752K, reserved 1171456K
  class space    used 18097K, committed 18496K, reserved 1048576K
}
Event: 118.300 GC heap before
{Heap before GC invocations=62 (full 0):
 garbage-first heap   total 503808K, used 432123K [0x0000000080000000, 0x0000000100000000)
  region size 1024K, 294 young (301056K), 7 survivors (7168K)
 Metaspace       used 138230K, committed 139008K, reserved 1171456K
  class space    used 18104K, committed 18496K, reserved 1048576K
}
Event: 118.403 GC heap after
{Heap after GC invocations=63 (full 0):
 garbage-first heap   total 503808K, used 143355K [0x0000000080000000, 0x0000000100000000)
  region size 1024K, 13 young (13312K), 13 survivors (13312K)
 Metaspace       used 138230K, committed 139008K, reserved 1171456K
  class space    used 18104K, committed 18496K, reserved 1048576K
}
Event: 119.730 GC heap before
{Heap before GC invocations=63 (full 0):
 garbage-first heap   total 503808K, used 425979K [0x0000000080000000, 0x0000000100000000)
  region size 1024K, 290 young (296960K), 13 survivors (13312K)
 Metaspace       used 138453K, committed 139200K, reserved 1171456K
  class space    used 18136K, committed 18496K, reserved 1048576K
}
Event: 119.792 GC heap after
{Heap after GC invocations=64 (full 0):
 garbage-first heap   total 503808K, used 148987K [0x0000000080000000, 0x0000000100000000)
  region size 1024K, 18 young (18432K), 18 survivors (18432K)
 Metaspace       used 138453K, committed 139200K, reserved 1171456K
  class space    used 18136K, committed 18496K, reserved 1048576K
}
Event: 121.018 GC heap before
{Heap before GC invocations=64 (full 0):
 garbage-first heap   total 503808K, used 425467K [0x0000000080000000, 0x0000000100000000)
  region size 1024K, 289 young (295936K), 18 survivors (18432K)
 Metaspace       used 138615K, committed 139392K, reserved 1171456K
  class space    used 18160K, committed 18560K, reserved 1048576K
}
Event: 121.077 GC heap after
{Heap after GC invocations=65 (full 0):
 garbage-first heap   total 503808K, used 149499K [0x0000000080000000, 0x0000000100000000)
  region size 1024K, 19 young (19456K), 19 survivors (19456K)
 Metaspace       used 138615K, committed 139392K, reserved 1171456K
  class space    used 18160K, committed 18560K, reserved 1048576K
}
Event: 122.482 GC heap before
{Heap before GC invocations=65 (full 0):
 garbage-first heap   total 503808K, used 430075K [0x0000000080000000, 0x0000000100000000)
  region size 1024K, 294 young (301056K), 19 survivors (19456K)
 Metaspace       used 138684K, committed 139456K, reserved 1171456K
  class space    used 18166K, committed 18560K, reserved 1048576K
}

